#
# There is insufficient memory for the Java Runtime Environment to continue.
# Native memory allocation (mmap) failed to map 132120576 bytes for G1 virtual space
# Possible reasons:
#   The system is out of physical RAM or swap space
#   The process is running with CompressedOops enabled, and the Java Heap may be blocking the growth of the native heap
# Possible solutions:
#   Reduce memory load on the system
#   Increase physical memory or swap space
#   Check if swap backing store is full
#   Decrease Java heap size (-Xmx/-Xms)
#   Decrease number of Java threads
#   Decrease Java thread stack sizes (-Xss)
#   Set larger code cache with -XX:ReservedCodeCacheSize=
#   JVM is running with Unscaled Compressed Oops mode in which the Java heap is
#     placed in the first 4GB address space. The Java Heap base address is the
#     maximum limit for the native heap growth. Please use -XX:HeapBaseMinAddress
#     to set the Java Heap base and to place the Java Heap above 4GB virtual address.
# This output file may be truncated or incomplete.
#
#  Out of Memory Error (os_windows.cpp:3536), pid=34092, tid=28724
#
# JRE version:  (19.0.2+7) (build )
# Java VM: Java HotSpot(TM) 64-Bit Server VM (19.0.2+7-44, mixed mode, sharing, tiered, compressed oops, compressed class ptrs, g1 gc, windows-amd64)
# No core dump will be written. Minidumps are not enabled by default on client versions of Windows
#

---------------  S U M M A R Y ------------

Command Line: 

Host: Intel(R) Core(TM) i5-10300H CPU @ 2.50GHz, 8 cores, 7G,  Windows 11 , 64 bit Build 22621 (10.0.22621.5262)
Time: Sat Jun 14 22:00:42 2025 India Standard Time elapsed time: 0.020496 seconds (0d 0h 0m 0s)

---------------  T H R E A D  ---------------

Current thread (0x00000205ca4dece0):  JavaThread "Unknown thread" [_thread_in_vm, id=28724, stack(0x000000ab74000000,0x000000ab74100000)]

Stack: [0x000000ab74000000,0x000000ab74100000]
Native frames: (J=compiled Java code, j=interpreted, Vv=VM code, C=native code)
V  [jvm.dll+0x6ee21a]
V  [jvm.dll+0x85765e]
V  [jvm.dll+0x85904e]
V  [jvm.dll+0x859703]
V  [jvm.dll+0x28298f]
V  [jvm.dll+0x6eb009]
V  [jvm.dll+0x6dfbaa]
V  [jvm.dll+0x3573f6]
V  [jvm.dll+0x35ee56]
V  [jvm.dll+0x3b541e]
V  [jvm.dll+0x3b564f]
V  [jvm.dll+0x32c9ea]
V  [jvm.dll+0x32d89e]
V  [jvm.dll+0x821780]
V  [jvm.dll+0x3c2661]
V  [jvm.dll+0x801f51]
V  [jvm.dll+0x44ae8f]
V  [jvm.dll+0x44c811]
C  [jli.dll+0x5287]
C  [ucrtbase.dll+0x29333]
C  [KERNEL32.DLL+0x1259d]
C  [ntdll.dll+0x5af58]


---------------  P R O C E S S  ---------------

Threads class SMR info:
_java_thread_list=0x00007ffa6789d048, length=0, elements={
}

Java Threads: ( => current thread )

Other Threads:
  0x00000205ca5411f0 WorkerThread "GC Thread#0" [stack: 0x000000ab74100000,0x000000ab74200000] [id=30456]
  0x00000205ca551ef0 ConcurrentGCThread "G1 Main Marker" [stack: 0x000000ab74200000,0x000000ab74300000] [id=33324]
  0x00000205ca5530c0 WorkerThread "G1 Conc#0" [stack: 0x000000ab74300000,0x000000ab74400000] [id=11400]

[error occurred during error reporting (printing all threads), id 0xc0000005, EXCEPTION_ACCESS_VIOLATION (0xc0000005) at pc=0x00007ffa6705d427]

VM state: not at safepoint (not fully initialized)

VM Mutex/Monitor currently owned by a thread:  ([mutex/lock_event])
[0x00000205ca4da7d0] Heap_lock - owner thread: 0x00000205ca4dece0

Heap address: 0x0000000082000000, size: 2016 MB, Compressed Oops mode: 32-bit

CDS archive(s) mapped at: [0x0000000000000000-0x0000000000000000-0x0000000000000000), size 0, SharedBaseAddress: 0x0000000800000000, ArchiveRelocationMode: 0.
Narrow klass base: 0x0000000000000000, Narrow klass shift: 0, Narrow klass range: 0x0

GC Precious Log:
 CardTable entry size: 512
 Card Set container configuration: InlinePtr #cards 5 size 8 Array Of Cards #cards 12 size 40 Howl #buckets 4 coarsen threshold 1843 Howl Bitmap #cards 512 size 80 coarsen threshold 460 Card regions per heap region 1 cards per card region 2048

Heap:
 garbage-first heap   total 0K, used 0K [0x0000000082000000, 0x0000000100000000)
  region size 1024K, 0 young (0K), 0 survivors (0K)

[error occurred during error reporting (printing heap information), id 0xc0000005, EXCEPTION_ACCESS_VIOLATION (0xc0000005) at pc=0x00007ffa67466649]

GC Heap History (0 events):
No events

Dll operation events (1 events):
Event: 0.015 Loaded shared library C:\Program Files\Java\jdk-19\bin\java.dll

Deoptimization events (0 events):
No events

Classes loaded (0 events):
No events

Classes unloaded (0 events):
No events

Classes redefined (0 events):
No events

Internal exceptions (0 events):
No events

VM Operations (0 events):
No events

Events (0 events):
No events


Dynamic libraries:
0x00007ff6617b0000 - 0x00007ff6617c0000 	C:\Program Files\Java\jdk-19\bin\java.exe
0x00007ffae5470000 - 0x00007ffae5687000 	C:\WINDOWS\SYSTEM32\ntdll.dll
0x00007ffae3c50000 - 0x00007ffae3d14000 	C:\WINDOWS\System32\KERNEL32.DLL
0x00007ffae27f0000 - 0x00007ffae2bc3000 	C:\WINDOWS\System32\KERNELBASE.dll
0x00007ffae2560000 - 0x00007ffae2671000 	C:\WINDOWS\System32\ucrtbase.dll
0x00007ffaaf340000 - 0x00007ffaaf358000 	C:\Program Files\Java\jdk-19\bin\jli.dll
0x00007ffae38b0000 - 0x00007ffae3961000 	C:\WINDOWS\System32\ADVAPI32.dll
0x00007ffae3800000 - 0x00007ffae38a7000 	C:\WINDOWS\System32\msvcrt.dll
0x00007ffae3400000 - 0x00007ffae34a7000 	C:\WINDOWS\System32\sechost.dll
0x00007ffae2f10000 - 0x00007ffae2f38000 	C:\WINDOWS\System32\bcrypt.dll
0x00007ffae3600000 - 0x00007ffae3714000 	C:\WINDOWS\System32\RPCRT4.dll
0x00007ffae4aa0000 - 0x00007ffae4c51000 	C:\WINDOWS\System32\USER32.dll
0x00007ffae27c0000 - 0x00007ffae27e6000 	C:\WINDOWS\System32\win32u.dll
0x00007ffae4a70000 - 0x00007ffae4a99000 	C:\WINDOWS\System32\GDI32.dll
0x00007ffae2d40000 - 0x00007ffae2e62000 	C:\WINDOWS\System32\gdi32full.dll
0x00007ffae2e70000 - 0x00007ffae2f0a000 	C:\WINDOWS\System32\msvcp_win.dll
0x00007ffaaf320000 - 0x00007ffaaf33b000 	C:\Program Files\Java\jdk-19\bin\VCRUNTIME140.dll
0x00007ffacbed0000 - 0x00007ffacc16b000 	C:\WINDOWS\WinSxS\amd64_microsoft.windows.common-controls_6595b64144ccf1df_6.0.22621.5262_none_2712bde373830908\COMCTL32.dll
0x00007ffadd530000 - 0x00007ffadd53a000 	C:\WINDOWS\SYSTEM32\VERSION.dll
0x00007ffae5240000 - 0x00007ffae5271000 	C:\WINDOWS\System32\IMM32.DLL
0x00007ffade180000 - 0x00007ffade18c000 	C:\Program Files\Java\jdk-19\bin\vcruntime140_1.dll
0x00007ffaab990000 - 0x00007ffaaba1e000 	C:\Program Files\Java\jdk-19\bin\msvcp140.dll
0x00007ffa66d20000 - 0x00007ffa679e0000 	C:\Program Files\Java\jdk-19\bin\server\jvm.dll
0x00007ffac5f90000 - 0x00007ffac5f99000 	C:\WINDOWS\SYSTEM32\WSOCK32.dll
0x00007ffae3510000 - 0x00007ffae3581000 	C:\WINDOWS\System32\WS2_32.dll
0x00007ffadcf90000 - 0x00007ffadcfc4000 	C:\WINDOWS\SYSTEM32\WINMM.dll
0x00007ffae1650000 - 0x00007ffae1668000 	C:\WINDOWS\SYSTEM32\kernel.appcore.dll
0x00007ffaddba0000 - 0x00007ffaddbaa000 	C:\Program Files\Java\jdk-19\bin\jimage.dll
0x00007ffadfdc0000 - 0x00007ffadfff2000 	C:\WINDOWS\SYSTEM32\DBGHELP.DLL
0x00007ffae4cd0000 - 0x00007ffae5063000 	C:\WINDOWS\System32\combase.dll
0x00007ffae3720000 - 0x00007ffae37f7000 	C:\WINDOWS\System32\OLEAUT32.dll
0x00007ffad9280000 - 0x00007ffad92b2000 	C:\WINDOWS\SYSTEM32\dbgcore.DLL
0x00007ffae3080000 - 0x00007ffae30fb000 	C:\WINDOWS\System32\bcryptPrimitives.dll
0x00007ffab31e0000 - 0x00007ffab3206000 	C:\Program Files\Java\jdk-19\bin\java.dll

dbghelp: loaded successfully - version: 4.0.5 - missing functions: none
symbol engine: initialized successfully - sym options: 0x614 - pdb path: .;C:\Program Files\Java\jdk-19\bin;C:\WINDOWS\SYSTEM32;C:\WINDOWS\WinSxS\amd64_microsoft.windows.common-controls_6595b64144ccf1df_6.0.22621.5262_none_2712bde373830908;C:\Program Files\Java\jdk-19\bin\server

VM Arguments:
java_command: <unknown>
java_class_path (initial): <not set>
Launcher Type: SUN_STANDARD

[Global flags]
     intx CICompilerCount                          = 4                                         {product} {ergonomic}
     uint ConcGCThreads                            = 2                                         {product} {ergonomic}
     uint G1ConcRefinementThreads                  = 8                                         {product} {ergonomic}
   size_t G1HeapRegionSize                         = 1048576                                   {product} {ergonomic}
    uintx GCDrainStackTargetSize                   = 64                                        {product} {ergonomic}
   size_t InitialHeapSize                          = 132120576                                 {product} {ergonomic}
   size_t MarkStackSize                            = 4194304                                   {product} {ergonomic}
   size_t MaxHeapSize                              = 2113929216                                {product} {ergonomic}
   size_t MinHeapDeltaBytes                        = 1048576                                   {product} {ergonomic}
   size_t MinHeapSize                              = 8388608                                   {product} {ergonomic}
    uintx NonNMethodCodeHeapSize                   = 5839372                                {pd product} {ergonomic}
    uintx NonProfiledCodeHeapSize                  = 122909434                              {pd product} {ergonomic}
    uintx ProfiledCodeHeapSize                     = 122909434                              {pd product} {ergonomic}
    uintx ReservedCodeCacheSize                    = 251658240                              {pd product} {ergonomic}
     bool SegmentedCodeCache                       = true                                      {product} {ergonomic}
   size_t SoftMaxHeapSize                          = 2113929216                             {manageable} {ergonomic}
     bool UseCompressedClassPointers               = true                           {product lp64_product} {ergonomic}
     bool UseCompressedOops                        = true                           {product lp64_product} {ergonomic}
     bool UseG1GC                                  = true                                      {product} {ergonomic}
     bool UseLargePagesIndividualAllocation        = false                                  {pd product} {ergonomic}

Logging:
Log output configuration:
 #0: stdout all=warning uptime,level,tags foldmultilines=false
 #1: stderr all=off uptime,level,tags foldmultilines=false

Environment Variables:
JAVA_HOME=C:\Program Files\Java\jdk-19
PATH=C:\Program Files\Microsoft\jdk-11.0.16.101-hotspot\bin;C:\Program Files\Common Files\Oracle\Java\javapath;C:\Windows\system32;C:\Windows;C:\Windows\System32\Wbem;C:\Windows\System32\WindowsPowerShell\v1.0\;C:\Windows\System32\OpenSSH\;C:\WINDOWS\system32;C:\WINDOWS;C:\WINDOWS\System32\Wbem;C:\WINDOWS\System32\WindowsPowerShell\v1.0\;C:\WINDOWS\System32\OpenSSH\;C:\Program Files\Java\jdk-19\bin;C:\Program Files\Microsoft SQL Server\150\Tools\Binn\;C:\Program Files\dotnet\;C:\Program Files\TortoiseSVN\bin;C:\Program Files\Git\cmd;C:\Program Files\MySQL\MySQL Server 8.0\bin;C:\Program Files\Docker\Docker\resources\bin;C:\WINDOWS\system32;C:\WINDOWS;C:\WINDOWS\System32\Wbem;C:\WINDOWS\System32\WindowsPowerShell\v1.0\;C:\WINDOWS\System32\OpenSSH\;C:\Program Files\MySQL\MySQL Shell 8.0\bin\;C:\Users\Rohit\AppData\Local\Programs\Python\Python312\Scripts\;C:\Users\Rohit\AppData\Local\Programs\Python\Python312\;C:\Users\Rohit\AppData\Local\Programs\Python\Python38\Scripts\;C:\Users\Rohit\AppData\Local\Programs\Python\Python38\;C:\Users\Rohit\AppData\Local\Programs\Python\Python311\Scripts\;C:\Users\Rohit\AppData\Local\Programs\Python\Python311\;C:\Users\Rohit\AppData\Local\Microsoft\WindowsApps;C:\Users\Rohit\AppData\Local\Programs\Microsoft VS Code\bin;C:\Users\Rohit\.dotnet\tools;C:\Users\Rohit\AppData\Local\GitHubDesktop\bin;
USERNAME=Rohit
OS=Windows_NT
PROCESSOR_IDENTIFIER=Intel64 Family 6 Model 165 Stepping 2, GenuineIntel
TMP=C:\Users\Rohit\AppData\Local\Temp
TEMP=C:\Users\Rohit\AppData\Local\Temp



---------------  S Y S T E M  ---------------

OS:
 Windows 11 , 64 bit Build 22621 (10.0.22621.5262)
OS uptime: 12 days 10:31 hours
Hyper-V role detected

CPU: total 8 (initial active 8) (4 cores per cpu, 2 threads per core) family 6 model 165 stepping 2 microcode 0xe2, cx8, cmov, fxsr, ht, mmx, 3dnowpref, sse, sse2, sse3, ssse3, sse4.1, sse4.2, popcnt, lzcnt, tsc, tscinvbit, avx, avx2, aes, erms, clmul, bmi1, bmi2, adx, fma, vzeroupper, clflush, clflushopt, hv, rdtscp

Memory: 4k page, system-wide physical 8059M (351M free)
TotalPageFile size 32635M (AvailPageFile size 5M)
current process WorkingSet (physical memory assigned to process): 11M, peak: 11M
current process commit charge ("private bytes"): 60M, peak: 186M

vm_info: Java HotSpot(TM) 64-Bit Server VM (19.0.2+7-44) for windows-amd64 JRE (19.0.2+7-44), built on 2022-11-30T18:02:09Z by "mach5one" with MS VC++ 17.1 (VS2022)

END.
